<?xml version="1.0" encoding="UTF-8"?>
<testsuite xmlns:xsi="http://www.w3.org/2001/XMLSchema-instance" xsi:noNamespaceSchemaLocation="https://maven.apache.org/surefire/maven-surefire-plugin/xsd/surefire-test-report.xsd" version="3.0.2" name="com.dhatchina.dhatchinamart.dao.ProductDaoIntegrationTest" time="0.454" tests="7" errors="0" skipped="0" failures="0">
  <properties>
[...]
</properties>
  <testcase name="filterByCategoryReturnsOnlyThatCategory" classname="com.dhatchina.dhatchinamart.dao.ProductDaoIntegrationTest" time="0.307"/>
  <testcase name="insertPersistsProduct" classname="com.dhatchina.dhatchinamart.dao.ProductDaoIntegrationTest" time="0.034"/>
  <testcase name="findByIdReturnsProductWithSellerName" classname="com.dhatchina.dhatchinamart.dao.ProductDaoIntegrationTest" time="0.024"/>
  <testcase name="searchAndCategoryTogether" classname="com.dhatchina.dhatchinamart.dao.ProductDaoIntegrationTest" time="0.015"/>
  <testcase name="searchByKeywordFiltersProducts" classname="com.dhatchina.dhatchinamart.dao.ProductDaoIntegrationTest" time="0.018"/>
  <testcase name="findAllReturnsSeededProducts" classname="com.dhatchina.dhatchinamart.dao.ProductDaoIntegrationTest" time="0.017"/>
  <testcase name="adminAccountHasBcryptHash" classname="com.dhatchina.dhatchinamart.dao.ProductDaoIntegrationTest" time="0.016"/>
</testsuite>